<?xml version="1.0" encoding="UTF-8"?>
<!-- Generated by org.testng.reporters.JUnitReportReporter -->
<testsuite hostname="DESKTOP-7NNF0FV" failures="0" tests="3" name="com.OrangeHRM.TestCases.LoginTest" time="38.165" errors="0" timestamp="2023-04-04T20:58:37 IST" skipped="0">
  <testcase classname="com.OrangeHRM.TestCases.LoginTest" name="loginWithInvalidCredentials" time="14.977"/>
  <system-out/>
  <testcase classname="com.OrangeHRM.TestCases.LoginTest" name="loginWithInvalidCredentials" time="12.900"/>
  <system-out/>
  <testcase classname="com.OrangeHRM.TestCases.LoginTest" name="loginWithInvalidCredentials" time="10.288"/>
  <system-out/>
</testsuite> <!-- com.OrangeHRM.TestCases.LoginTest -->
