<?xml version="1.0" encoding="UTF-8"?>
<!-- Generated by org.testng.reporters.JUnitReportReporter -->
<testsuite hostname="DESKTOP-7NNF0FV" failures="0" tests="2" name="com.OrangeHRM.TestCases.AdminTest" time="29.770" errors="0" timestamp="2023-04-04T12:17:25 IST" skipped="0">
  <testcase classname="com.OrangeHRM.TestCases.AdminTest" name="systemUserFields" time="14.082"/>
  <system-out/>
  <testcase classname="com.OrangeHRM.TestCases.AdminTest" name="verifyDeleteRecord" time="15.688"/>
  <system-out/>
</testsuite> <!-- com.OrangeHRM.TestCases.AdminTest -->
